<?xml version="1.0" encoding="UTF-8" ?>
<testsuite 
errors="0" failures="0" hostname="celery-3.local" name="akka.cluster.ReachabilityPerfSpec" tests="11" time="40.468" timestamp="2014-10-30T22:05:07">
  <properties>
    <property name="jline.esc.timeout" value="0"> </property>
    <property name="jna.platform.library.path" value="/usr/lib:/usr/lib">
    </property>
    <property name="java.runtime.name" value="Java(TM) SE Runtime Environment">
    </property>
    <property 
    name="sun.boot.library.path" value="/Library/Java/JavaVirtualMachines/jdk1.8.0_11.jdk/Contents/Home/jre/lib">
</property>
    <property name="java.vm.version" value="25.11-b03"> </property>
    <property name="user.country.format" value="GB"> </property>
    <property name="gopherProxySet" value="false"> </property>
    <property name="java.vm.vendor" value="Oracle Corporation"> </property>
    <property name="java.vendor.url" value="http://java.oracle.com/">
    </property>
    <property name="path.separator" value=":"> </property>
    <property name="java.vm.name" value="Java HotSpot(TM) 64-Bit Server VM">
    </property>
    <property name="file.encoding.pkg" value="sun.io"> </property>
    <property name="user.country" value="US"> </property>
    <property name="sun.java.launcher" value="SUN_STANDARD"> </property>
    <property name="sun.os.patch.level" value="unknown"> </property>
    <property 
    name="java.vm.specification.name" value="Java Virtual Machine Specification">
</property>
    <property 
    name="user.dir" value="/Users/stu/Documents/Eclipse/akka-streams">
</property>
    <property name="java.runtime.version" value="1.8.0_11-b12"> </property>
    <property name="java.awt.graphicsenv" value="sun.awt.CGraphicsEnvironment">
    </property>
    <property 
    name="java.endorsed.dirs" value="/Library/Java/JavaVirtualMachines/jdk1.8.0_11.jdk/Contents/Home/jre/lib/endorsed">
</property>
    <property name="os.arch" value="x86_64"> </property>
    <property 
    name="org.osgi.framework.storage" value="target/akka-osgi/5d731165-69e3-458e-83b7-3e3e64c62e4d">
</property>
    <property 
    name="java.io.tmpdir" value="/var/folders/j2/blvnhz9r8vl_s50059b0jvp80000gn/T/">
</property>
    <property name="line.separator" value=" "> </property>
    <property name="java.vm.specification.vendor" value="Oracle Corporation">
    </property>
    <property name="os.name" value="Mac OS X"> </property>
    <property name="sun.jnu.encoding" value="UTF-8"> </property>
    <property 
    name="java.library.path" value="/Users/stu/Library/Java/Extensions:/Library/Java/Extensions:/Network/Library/Java/Extensions:/System/Library/Java/Extensions:/usr/lib/java:.">
</property>
    <property name="sun.nio.ch.bugLevel" value=""> </property>
    <property 
    name="java.specification.name" value="Java Platform API Specification">
</property>
    <property name="java.class.version" value="52.0"> </property>
    <property 
    name="sun.management.compiler" value="HotSpot 64-Bit Tiered Compilers">
</property>
    <property name="os.version" value="10.10"> </property>
    <property 
    name="http.nonProxyHosts" value="local|*.local|169.254/16|*.169.254/16">
</property>
    <property name="user.home" value="/Users/stu"> </property>
    <property name="user.timezone" value="Europe/London"> </property>
    <property name="java.awt.printerjob" value="sun.lwawt.macosx.CPrinterJob">
    </property>
    <property name="java.specification.version" value="1.8"> </property>
    <property name="file.encoding" value="UTF-8"> </property>
    <property name="akka.mode" value="test"> </property>
    <property name="user.name" value="stu"> </property>
    <property 
    name="java.class.path" value="/Users/stu/Applications/sbt/sbt-launch.jar">
</property>
    <property name="jline.shutdownhook" value="false"> </property>
    <property name="java.vm.specification.version" value="1.8"> </property>
    <property name="sun.arch.data.model" value="64"> </property>
    <property 
    name="java.home" value="/Library/Java/JavaVirtualMachines/jdk1.8.0_11.jdk/Contents/Home/jre">
</property>
    <property 
    name="sun.java.command" value="/Users/stu/Applications/sbt/sbt-launch.jar test">
</property>
    <property name="java.specification.vendor" value="Oracle Corporation">
    </property>
    <property name="user.language" value="en"> </property>
    <property name="awt.toolkit" value="sun.lwawt.macosx.LWCToolkit">
    </property>
    <property name="java.vm.info" value="mixed mode"> </property>
    <property name="java.version" value="1.8.0_11"> </property>
    <property 
    name="java.ext.dirs" value="/Users/stu/Library/Java/Extensions:/Library/Java/JavaVirtualMachines/jdk1.8.0_11.jdk/Contents/Home/jre/lib/ext:/Library/Java/Extensions:/Network/Library/Java/Extensions:/System/Library/Java/Extensions:/usr/lib/java">
</property>
    <property 
    name="sun.boot.class.path" value="/Library/Java/JavaVirtualMachines/jdk1.8.0_11.jdk/Contents/Home/jre/lib/resources.jar:/Library/Java/JavaVirtualMachines/jdk1.8.0_11.jdk/Contents/Home/jre/lib/rt.jar:/Library/Java/JavaVirtualMachines/jdk1.8.0_11.jdk/Contents/Home/jre/lib/sunrsasign.jar:/Library/Java/JavaVirtualMachines/jdk1.8.0_11.jdk/Contents/Home/jre/lib/jsse.jar:/Library/Java/JavaVirtualMachines/jdk1.8.0_11.jdk/Contents/Home/jre/lib/jce.jar:/Library/Java/JavaVirtualMachines/jdk1.8.0_11.jdk/Contents/Home/jre/lib/charsets.jar:/Library/Java/JavaVirtualMachines/jdk1.8.0_11.jdk/Contents/Home/jre/lib/jfr.jar:/Library/Java/JavaVirtualMachines/jdk1.8.0_11.jdk/Contents/Home/jre/classes">
</property>
    <property name="java.vendor" value="Oracle Corporation"> </property>
    <property name="file.separator" value="/"> </property>
    <property 
    name="java.vendor.url.bug" value="http://bugreport.sun.com/bugreport/">
</property>
    <property name="sun.cpu.endian" value="little"> </property>
    <property name="sun.io.unicode.encoding" value="UnicodeBig"> </property>
    <property 
    name="socksNonProxyHosts" value="local|*.local|169.254/16|*.169.254/16">
</property>
    <property 
    name="ftp.nonProxyHosts" value="local|*.local|169.254/16|*.169.254/16">
</property>
    <property name="sun.cpu.isalist" value=""> </property>
  </properties>
  <testcase 
  name="Reachability of size 250 must do a warm up run, 10000 times" classname="akka.cluster.ReachabilityPerfSpec" time="1.087">
</testcase>
  <testcase 
  name="Reachability of size 250 must merge with same versions, 10000 times" classname="akka.cluster.ReachabilityPerfSpec" time="0.482">
</testcase>
  <testcase 
  name="Reachability of size 250 must merge with all older versions, 10000 times" classname="akka.cluster.ReachabilityPerfSpec" time="0.624">
</testcase>
  <testcase 
  name="Reachability of size 250 must merge with all newer versions, 10000 times" classname="akka.cluster.ReachabilityPerfSpec" time="0.927">
</testcase>
  <testcase 
  name="Reachability of size 250 must merge with half nodes unreachable, 10000 times" classname="akka.cluster.ReachabilityPerfSpec" time="6.762">
</testcase>
  <testcase 
  name="Reachability of size 250 must merge with half nodes unreachable opposite 10000 times" classname="akka.cluster.ReachabilityPerfSpec" time="6.477">
</testcase>
  <testcase 
  name="Reachability of size 250 must check status with half nodes unreachable, 10000 times" classname="akka.cluster.ReachabilityPerfSpec" time="4.575">
</testcase>
  <testcase 
  name="Reachability of size 250 must check aggregated reachability status with half nodes unreachable, 10000 times" classname="akka.cluster.ReachabilityPerfSpec" time="4.613">
</testcase>
  <testcase 
  name="Reachability of size 250 must get allUnreachableOrTerminated with half nodes unreachable, 10000 times" classname="akka.cluster.ReachabilityPerfSpec" time="4.643">
</testcase>
  <testcase 
  name="Reachability of size 250 must get allUnreachable with half nodes unreachable, 10000 times" classname="akka.cluster.ReachabilityPerfSpec" time="4.663">
</testcase>
  <testcase 
  name="Reachability of size 250 must get recordsFrom with half nodes unreachable, 10000 times" classname="akka.cluster.ReachabilityPerfSpec" time="5.611">
</testcase>
  <system-out><![CDATA[]]></system-out>
  <system-err><![CDATA[]]></system-err>
</testsuite>
