<?xml version="1.0" encoding="UTF-8" ?>
<testsuite 
errors="0" failures="1" hostname="celery.local" name="hello.MySpec" tests="3" time="0.152" timestamp="2016-04-10T20:12:42">
  <properties>
    <property name="java.runtime.name" value="Java(TM) SE Runtime Environment">
    </property>
    <property 
    name="sun.boot.library.path" value="/Library/Java/JavaVirtualMachines/jdk1.8.0_45.jdk/Contents/Home/jre/lib">
</property>
    <property name="java.vm.version" value="25.45-b02"> </property>
    <property name="gopherProxySet" value="false"> </property>
    <property name="java.vm.vendor" value="Oracle Corporation"> </property>
    <property name="java.vendor.url" value="http://java.oracle.com/">
    </property>
    <property name="path.separator" value=":"> </property>
    <property name="java.vm.name" value="Java HotSpot(TM) 64-Bit Server VM">
    </property>
    <property name="file.encoding.pkg" value="sun.io"> </property>
    <property name="user.country" value="US"> </property>
    <property name="sun.java.launcher" value="SUN_STANDARD"> </property>
    <property name="sun.os.patch.level" value="unknown"> </property>
    <property 
    name="java.vm.specification.name" value="Java Virtual Machine Specification">
</property>
    <property name="user.dir" value="/Users/stu/Documents/Source/bob">
    </property>
    <property name="java.runtime.version" value="1.8.0_45-b14"> </property>
    <property name="java.awt.graphicsenv" value="sun.awt.CGraphicsEnvironment">
    </property>
    <property 
    name="java.endorsed.dirs" value="/Library/Java/JavaVirtualMachines/jdk1.8.0_45.jdk/Contents/Home/jre/lib/endorsed">
</property>
    <property name="os.arch" value="x86_64"> </property>
    <property 
    name="java.io.tmpdir" value="/var/folders/j2/blvnhz9r8vl_s50059b0jvp80000gn/T/">
</property>
    <property name="line.separator" value=" "> </property>
    <property name="java.vm.specification.vendor" value="Oracle Corporation">
    </property>
    <property name="user.variant" value=""> </property>
    <property name="os.name" value="Mac OS X"> </property>
    <property name="sun.jnu.encoding" value="UTF-8"> </property>
    <property 
    name="java.library.path" value="/Users/stu/Library/Java/Extensions:/Library/Java/Extensions:/Network/Library/Java/Extensions:/System/Library/Java/Extensions:/usr/lib/java:.">
</property>
    <property 
    name="java.specification.name" value="Java Platform API Specification">
</property>
    <property name="java.class.version" value="52.0"> </property>
    <property 
    name="sun.management.compiler" value="HotSpot 64-Bit Tiered Compilers">
</property>
    <property name="os.version" value="10.11.4"> </property>
    <property 
    name="http.nonProxyHosts" value="local|*.local|169.254/16|*.169.254/16">
</property>
    <property name="user.home" value="/Users/stu"> </property>
    <property name="user.timezone" value="Europe/London"> </property>
    <property name="java.awt.printerjob" value="sun.lwawt.macosx.CPrinterJob">
    </property>
    <property name="file.encoding" value="UTF-8"> </property>
    <property name="java.specification.version" value="1.8"> </property>
    <property name="user.name" value="stu"> </property>
    <property 
    name="java.class.path" value="/Users/stu/Documents/Source/bob/build/classes/test:/Users/stu/Documents/Source/bob/build/resources/test:/Users/stu/Documents/Source/bob/build/classes/main:/Users/stu/Documents/Source/bob/build/resources/main:/Users/stu/.gradle/wrapper/dists/gradle-2.12-all/8ywkdai6puj5z81fume4e7njw/gradle-2.12/lib/gradle-core-2.12.jar:/Users/stu/.gradle/wrapper/dists/gradle-2.12-all/8ywkdai6puj5z81fume4e7njw/gradle-2.12/lib/groovy-all-2.4.4.jar:/Users/stu/.gradle/wrapper/dists/gradle-2.12-all/8ywkdai6puj5z81fume4e7njw/gradle-2.12/lib/asm-all-5.0.3.jar:/Users/stu/.gradle/wrapper/dists/gradle-2.12-all/8ywkdai6puj5z81fume4e7njw/gradle-2.12/lib/ant-1.9.3.jar:/Users/stu/.gradle/wrapper/dists/gradle-2.12-all/8ywkdai6puj5z81fume4e7njw/gradle-2.12/lib/commons-collections-3.2.1.jar:/Users/stu/.gradle/wrapper/dists/gradle-2.12-all/8ywkdai6puj5z81fume4e7njw/gradle-2.12/lib/commons-io-2.2.jar:/Users/stu/.gradle/wrapper/dists/gradle-2.12-all/8ywkdai6puj5z81fume4e7njw/gradle-2.12/lib/commons-lang-2.6.jar:/Users/stu/.gradle/wrapper/dists/gradle-2.12-all/8ywkdai6puj5z81fume4e7njw/gradle-2.12/lib/guava-jdk5-17.0.jar:/Users/stu/.gradle/wrapper/dists/gradle-2.12-all/8ywkdai6puj5z81fume4e7njw/gradle-2.12/lib/jcip-annotations-1.0.jar:/Users/stu/.gradle/wrapper/dists/gradle-2.12-all/8ywkdai6puj5z81fume4e7njw/gradle-2.12/lib/jul-to-slf4j-1.7.10.jar:/Users/stu/.gradle/wrapper/dists/gradle-2.12-all/8ywkdai6puj5z81fume4e7njw/gradle-2.12/lib/jarjar-1.3.jar:/Users/stu/.gradle/wrapper/dists/gradle-2.12-all/8ywkdai6puj5z81fume4e7njw/gradle-2.12/lib/javax.inject-1.jar:/Users/stu/.gradle/wrapper/dists/gradle-2.12-all/8ywkdai6puj5z81fume4e7njw/gradle-2.12/lib/slf4j-api-1.7.10.jar:/Users/stu/.gradle/wrapper/dists/gradle-2.12-all/8ywkdai6puj5z81fume4e7njw/gradle-2.12/lib/log4j-over-slf4j-1.7.10.jar:/Users/stu/.gradle/wrapper/dists/gradle-2.12-all/8ywkdai6puj5z81fume4e7njw/gradle-2.12/lib/jcl-over-slf4j-1.7.10.jar:/Users/stu/.gradle/wrapper/dists/gradle-2.12-all/8ywkdai6puj5z81fume4e7njw/gradle-2.12/lib/ant-launcher-1.9.3.jar:/Users/stu/.gradle/wrapper/dists/gradle-2.12-all/8ywkdai6puj5z81fume4e7njw/gradle-2.12/lib/gradle-docs-2.12.jar:/Users/stu/.gradle/wrapper/dists/gradle-2.12-all/8ywkdai6puj5z81fume4e7njw/gradle-2.12/lib/gradle-model-core-2.12.jar:/Users/stu/.gradle/wrapper/dists/gradle-2.12-all/8ywkdai6puj5z81fume4e7njw/gradle-2.12/lib/gradle-base-services-2.12.jar:/Users/stu/.gradle/wrapper/dists/gradle-2.12-all/8ywkdai6puj5z81fume4e7njw/gradle-2.12/lib/gradle-base-services-groovy-2.12.jar:/Users/stu/.gradle/wrapper/dists/gradle-2.12-all/8ywkdai6puj5z81fume4e7njw/gradle-2.12/lib/gradle-model-groovy-2.12.jar:/Users/stu/.gradle/wrapper/dists/gradle-2.12-all/8ywkdai6puj5z81fume4e7njw/gradle-2.12/lib/gradle-cli-2.12.jar:/Users/stu/.gradle/wrapper/dists/gradle-2.12-all/8ywkdai6puj5z81fume4e7njw/gradle-2.12/lib/gradle-native-2.12.jar:/Users/stu/.gradle/wrapper/dists/gradle-2.12-all/8ywkdai6puj5z81fume4e7njw/gradle-2.12/lib/jna-3.2.7.jar:/Users/stu/.gradle/wrapper/dists/gradle-2.12-all/8ywkdai6puj5z81fume4e7njw/gradle-2.12/lib/native-platform-0.10.jar:/Users/stu/.gradle/wrapper/dists/gradle-2.12-all/8ywkdai6puj5z81fume4e7njw/gradle-2.12/lib/jansi-1.2.1.jar:/Users/stu/.gradle/wrapper/dists/gradle-2.12-all/8ywkdai6puj5z81fume4e7njw/gradle-2.12/lib/native-platform-osx-i386-0.10.jar:/Users/stu/.gradle/wrapper/dists/gradle-2.12-all/8ywkdai6puj5z81fume4e7njw/gradle-2.12/lib/native-platform-osx-amd64-0.10.jar:/Users/stu/.gradle/wrapper/dists/gradle-2.12-all/8ywkdai6puj5z81fume4e7njw/gradle-2.12/lib/native-platform-linux-amd64-0.10.jar:/Users/stu/.gradle/wrapper/dists/gradle-2.12-all/8ywkdai6puj5z81fume4e7njw/gradle-2.12/lib/native-platform-linux-i386-0.10.jar:/Users/stu/.gradle/wrapper/dists/gradle-2.12-all/8ywkdai6puj5z81fume4e7njw/gradle-2.12/lib/native-platform-windows-amd64-0.10.jar:/Users/stu/.gradle/wrapper/dists/gradle-2.12-all/8ywkdai6puj5z81fume4e7njw/gradle-2.12/lib/native-platform-windows-i386-0.10.jar:/Users/stu/.gradle/wrapper/dists/gradle-2.12-all/8ywkdai6puj5z81fume4e7njw/gradle-2.12/lib/native-platform-freebsd-i386-0.10.jar:/Users/stu/.gradle/wrapper/dists/gradle-2.12-all/8ywkdai6puj5z81fume4e7njw/gradle-2.12/lib/native-platform-freebsd-amd64-0.10.jar:/Users/stu/.gradle/wrapper/dists/gradle-2.12-all/8ywkdai6puj5z81fume4e7njw/gradle-2.12/lib/gradle-messaging-2.12.jar:/Users/stu/.gradle/wrapper/dists/gradle-2.12-all/8ywkdai6puj5z81fume4e7njw/gradle-2.12/lib/kryo-2.20.jar:/Users/stu/.gradle/wrapper/dists/gradle-2.12-all/8ywkdai6puj5z81fume4e7njw/gradle-2.12/lib/reflectasm-1.07-shaded.jar:/Users/stu/.gradle/wrapper/dists/gradle-2.12-all/8ywkdai6puj5z81fume4e7njw/gradle-2.12/lib/minlog-1.2.jar:/Users/stu/.gradle/wrapper/dists/gradle-2.12-all/8ywkdai6puj5z81fume4e7njw/gradle-2.12/lib/objenesis-1.2.jar:/Users/stu/.gradle/wrapper/dists/gradle-2.12-all/8ywkdai6puj5z81fume4e7njw/gradle-2.12/lib/gradle-resources-2.12.jar:/Users/stu/.gradle/wrapper/dists/gradle-2.12-all/8ywkdai6puj5z81fume4e7njw/gradle-2.12/lib/plugins/gradle-dependency-management-2.12.jar:/Users/stu/.gradle/wrapper/dists/gradle-2.12-all/8ywkdai6puj5z81fume4e7njw/gradle-2.12/lib/plugins/ivy-2.2.0.jar:/Users/stu/.gradle/wrapper/dists/gradle-2.12-all/8ywkdai6puj5z81fume4e7njw/gradle-2.12/lib/plugins/gson-2.2.4.jar:/Users/stu/.gradle/wrapper/dists/gradle-2.12-all/8ywkdai6puj5z81fume4e7njw/gradle-2.12/lib/plugins/maven-core-3.0.4.jar:/Users/stu/.gradle/wrapper/dists/gradle-2.12-all/8ywkdai6puj5z81fume4e7njw/gradle-2.12/lib/plugins/xbean-reflect-3.4.jar:/Users/stu/.gradle/wrapper/dists/gradle-2.12-all/8ywkdai6puj5z81fume4e7njw/gradle-2.12/lib/plugins/bcprov-jdk15on-1.51.jar:/Users/stu/.gradle/wrapper/dists/gradle-2.12-all/8ywkdai6puj5z81fume4e7njw/gradle-2.12/lib/plugins/jsch-0.1.53.jar:/Users/stu/.gradle/wrapper/dists/gradle-2.12-all/8ywkdai6puj5z81fume4e7njw/gradle-2.12/lib/plugins/plexus-sec-dispatcher-1.3.jar:/Users/stu/.gradle/wrapper/dists/gradle-2.12-all/8ywkdai6puj5z81fume4e7njw/gradle-2.12/lib/plugins/aether-impl-1.13.1.jar:/Users/stu/.gradle/wrapper/dists/gradle-2.12-all/8ywkdai6puj5z81fume4e7njw/gradle-2.12/lib/plugins/aether-util-1.13.1.jar:/Users/stu/.gradle/wrapper/dists/gradle-2.12-all/8ywkdai6puj5z81fume4e7njw/gradle-2.12/lib/plugins/aether-spi-1.13.1.jar:/Users/stu/.gradle/wrapper/dists/gradle-2.12-all/8ywkdai6puj5z81fume4e7njw/gradle-2.12/lib/plugins/wagon-provider-api-2.4.jar:/Users/stu/.gradle/wrapper/dists/gradle-2.12-all/8ywkdai6puj5z81fume4e7njw/gradle-2.12/lib/plugins/maven-aether-provider-3.0.4.jar:/Users/stu/.gradle/wrapper/dists/gradle-2.12-all/8ywkdai6puj5z81fume4e7njw/gradle-2.12/lib/plugins/maven-repository-metadata-3.0.4.jar:/Users/stu/.gradle/wrapper/dists/gradle-2.12-all/8ywkdai6puj5z81fume4e7njw/gradle-2.12/lib/plugins/plexus-classworlds-2.4.jar:/Users/stu/.gradle/wrapper/dists/gradle-2.12-all/8ywkdai6puj5z81fume4e7njw/gradle-2.12/lib/plugins/aether-connector-wagon-1.13.1.jar:/Users/stu/.gradle/wrapper/dists/gradle-2.12-all/8ywkdai6puj5z81fume4e7njw/gradle-2.12/lib/plugins/maven-model-3.0.4.jar:/Users/stu/.gradle/wrapper/dists/gradle-2.12-all/8ywkdai6puj5z81fume4e7njw/gradle-2.12/lib/plugins/wagon-http-2.4.jar:/Users/stu/.gradle/wrapper/dists/gradle-2.12-all/8ywkdai6puj5z81fume4e7njw/gradle-2.12/lib/plugins/maven-settings-builder-3.0.4.jar:/Users/stu/.gradle/wrapper/dists/gradle-2.12-all/8ywkdai6puj5z81fume4e7njw/gradle-2.12/lib/plugins/maven-compat-3.0.4.jar:/Users/stu/.gradle/wrapper/dists/gradle-2.12-all/8ywkdai6puj5z81fume4e7njw/gradle-2.12/lib/plugins/plexus-component-annotations-1.5.5.jar:/Users/stu/.gradle/wrapper/dists/gradle-2.12-all/8ywkdai6puj5z81fume4e7njw/gradle-2.12/lib/plugins/maven-plugin-api-3.0.4.jar:/Users/stu/.gradle/wrapper/dists/gradle-2.12-all/8ywkdai6puj5z81fume4e7njw/gradle-2.12/lib/plugins/plexus-container-default-1.5.5.jar:/Users/stu/.gradle/wrapper/dists/gradle-2.12-all/8ywkdai6puj5z81fume4e7njw/gradle-2.12/lib/plugins/maven-artifact-3.0.4.jar:/Users/stu/.gradle/wrapper/dists/gradle-2.12-all/8ywkdai6puj5z81fume4e7njw/gradle-2.12/lib/plugins/plexus-interpolation-1.14.jar:/Users/stu/.gradle/wrapper/dists/gradle-2.12-all/8ywkdai6puj5z81fume4e7njw/gradle-2.12/lib/plugins/maven-settings-3.0.4.jar:/Users/stu/.gradle/wrapper/dists/gradle-2.12-all/8ywkdai6puj5z81fume4e7njw/gradle-2.12/lib/plugins/aether-api-1.13.1.jar:/Users/stu/.gradle/wrapper/dists/gradle-2.12-all/8ywkdai6puj5z81fume4e7njw/gradle-2.12/lib/plugins/plexus-cipher-1.7.jar:/Users/stu/.gradle/wrapper/dists/gradle-2.12-all/8ywkdai6puj5z81fume4e7njw/gradle-2.12/lib/plugins/wagon-file-2.4.jar:/Users/stu/.gradle/wrapper/dists/gradle-2.12-all/8ywkdai6puj5z81fume4e7njw/gradle-2.12/lib/plugins/maven-model-builder-3.0.4.jar:/Users/stu/.gradle/wrapper/dists/gradle-2.12-all/8ywkdai6puj5z81fume4e7njw/gradle-2.12/lib/plugins/plexus-utils-2.0.6.jar:/Users/stu/.gradle/wrapper/dists/gradle-2.12-all/8ywkdai6puj5z81fume4e7njw/gradle-2.12/lib/plugins/wagon-http-shared4-2.4.jar:/Users/stu/.gradle/wrapper/dists/gradle-2.12-all/8ywkdai6puj5z81fume4e7njw/gradle-2.12/lib/plugins/gradle-plugin-use-2.12.jar:/Users/stu/.gradle/wrapper/dists/gradle-2.12-all/8ywkdai6puj5z81fume4e7njw/gradle-2.12/lib/plugins/gradle-resources-http-2.12.jar:/Users/stu/.gradle/wrapper/dists/gradle-2.12-all/8ywkdai6puj5z81fume4e7njw/gradle-2.12/lib/plugins/httpclient-4.4.1.jar:/Users/stu/.gradle/wrapper/dists/gradle-2.12-all/8ywkdai6puj5z81fume4e7njw/gradle-2.12/lib/plugins/nekohtml-1.9.14.jar:/Users/stu/.gradle/wrapper/dists/gradle-2.12-all/8ywkdai6puj5z81fume4e7njw/gradle-2.12/lib/plugins/commons-codec-1.6.jar:/Users/stu/.gradle/wrapper/dists/gradle-2.12-all/8ywkdai6puj5z81fume4e7njw/gradle-2.12/lib/plugins/httpcore-4.4.4.jar:/Users/stu/.gradle/wrapper/dists/gradle-2.12-all/8ywkdai6puj5z81fume4e7njw/gradle-2.12/lib/plugins/jcifs-1.3.17.jar:/Users/stu/.gradle/wrapper/dists/gradle-2.12-all/8ywkdai6puj5z81fume4e7njw/gradle-2.12/lib/plugins/xml-apis-1.3.04.jar:/Users/stu/.gradle/wrapper/dists/gradle-2.12-all/8ywkdai6puj5z81fume4e7njw/gradle-2.12/lib/plugins/xercesImpl-2.9.1.jar:/Users/stu/.gradle/wrapper/dists/gradle-2.12-all/8ywkdai6puj5z81fume4e7njw/gradle-2.12/lib/gradle-tooling-api-2.12.jar:/Users/stu/.gradle/wrapper/dists/gradle-2.12-all/8ywkdai6puj5z81fume4e7njw/gradle-2.12/lib/gradle-wrapper-2.12.jar:/Users/stu/.gradle/wrapper/dists/gradle-2.12-all/8ywkdai6puj5z81fume4e7njw/gradle-2.12/lib/plugins/gradle-plugins-2.12.jar:/Users/stu/.gradle/wrapper/dists/gradle-2.12-all/8ywkdai6puj5z81fume4e7njw/gradle-2.12/lib/plugins/commons-cli-1.2.jar:/Users/stu/.gradle/wrapper/dists/gradle-2.12-all/8ywkdai6puj5z81fume4e7njw/gradle-2.12/lib/plugins/gradle-code-quality-2.12.jar:/Users/stu/.gradle/wrapper/dists/gradle-2.12-all/8ywkdai6puj5z81fume4e7njw/gradle-2.12/lib/plugins/gradle-jetty-2.12.jar:/Users/stu/.gradle/wrapper/dists/gradle-2.12-all/8ywkdai6puj5z81fume4e7njw/gradle-2.12/lib/plugins/jetty-6.1.25.jar:/Users/stu/.gradle/wrapper/dists/gradle-2.12-all/8ywkdai6puj5z81fume4e7njw/gradle-2.12/lib/plugins/jetty-util-6.1.25.jar:/Users/stu/.gradle/wrapper/dists/gradle-2.12-all/8ywkdai6puj5z81fume4e7njw/gradle-2.12/lib/plugins/servlet-api-2.5-20081211.jar:/Users/stu/.gradle/wrapper/dists/gradle-2.12-all/8ywkdai6puj5z81fume4e7njw/gradle-2.12/lib/plugins/jetty-plus-6.1.25.jar:/Users/stu/.gradle/wrapper/dists/gradle-2.12-all/8ywkdai6puj5z81fume4e7njw/gradle-2.12/lib/plugins/jsp-2.1-6.1.14.jar:/Users/stu/.gradle/wrapper/dists/gradle-2.12-all/8ywkdai6puj5z81fume4e7njw/gradle-2.12/lib/plugins/jetty-annotations-6.1.25.jar:/Users/stu/.gradle/wrapper/dists/gradle-2.12-all/8ywkdai6puj5z81fume4e7njw/gradle-2.12/lib/plugins/geronimo-annotation_1.0_spec-1.0.jar:/Users/stu/.gradle/wrapper/dists/gradle-2.12-all/8ywkdai6puj5z81fume4e7njw/gradle-2.12/lib/plugins/jetty-naming-6.1.25.jar:/Users/stu/.gradle/wrapper/dists/gradle-2.12-all/8ywkdai6puj5z81fume4e7njw/gradle-2.12/lib/plugins/core-3.1.1.jar:/Users/stu/.gradle/wrapper/dists/gradle-2.12-all/8ywkdai6puj5z81fume4e7njw/gradle-2.12/lib/plugins/jsp-api-2.1-6.1.14.jar:/Users/stu/.gradle/wrapper/dists/gradle-2.12-all/8ywkdai6puj5z81fume4e7njw/gradle-2.12/lib/plugins/gradle-antlr-2.12.jar:/Users/stu/.gradle/wrapper/dists/gradle-2.12-all/8ywkdai6puj5z81fume4e7njw/gradle-2.12/lib/plugins/gradle-osgi-2.12.jar:/Users/stu/.gradle/wrapper/dists/gradle-2.12-all/8ywkdai6puj5z81fume4e7njw/gradle-2.12/lib/plugins/bndlib-2.4.0.jar:/Users/stu/.gradle/wrapper/dists/gradle-2.12-all/8ywkdai6puj5z81fume4e7njw/gradle-2.12/lib/plugins/gradle-maven-2.12.jar:/Users/stu/.gradle/wrapper/dists/gradle-2.12-all/8ywkdai6puj5z81fume4e7njw/gradle-2.12/lib/plugins/pmaven-common-0.8-20100325.jar:/Users/stu/.gradle/wrapper/dists/gradle-2.12-all/8ywkdai6puj5z81fume4e7njw/gradle-2.12/lib/plugins/pmaven-groovy-0.8-20100325.jar:/Users/stu/.gradle/wrapper/dists/gradle-2.12-all/8ywkdai6puj5z81fume4e7njw/gradle-2.12/lib/plugins/gradle-ide-2.12.jar:/Users/stu/.gradle/wrapper/dists/gradle-2.12-all/8ywkdai6puj5z81fume4e7njw/gradle-2.12/lib/plugins/gradle-announce-2.12.jar:/Users/stu/.gradle/wrapper/dists/gradle-2.12-all/8ywkdai6puj5z81fume4e7njw/gradle-2.12/lib/plugins/gradle-scala-2.12.jar:/Users/stu/.gradle/wrapper/dists/gradle-2.12-all/8ywkdai6puj5z81fume4e7njw/gradle-2.12/lib/plugins/gradle-sonar-2.12.jar:/Users/stu/.gradle/wrapper/dists/gradle-2.12-all/8ywkdai6puj5z81fume4e7njw/gradle-2.12/lib/plugins/sonar-batch-bootstrapper-2.9.jar:/Users/stu/.gradle/wrapper/dists/gradle-2.12-all/8ywkdai6puj5z81fume4e7njw/gradle-2.12/lib/plugins/gradle-signing-2.12.jar:/Users/stu/.gradle/wrapper/dists/gradle-2.12-all/8ywkdai6puj5z81fume4e7njw/gradle-2.12/lib/plugins/bcpg-jdk15on-1.51.jar:/Users/stu/.gradle/wrapper/dists/gradle-2.12-all/8ywkdai6puj5z81fume4e7njw/gradle-2.12/lib/plugins/gradle-ear-2.12.jar:/Users/stu/.gradle/wrapper/dists/gradle-2.12-all/8ywkdai6puj5z81fume4e7njw/gradle-2.12/lib/plugins/gradle-javascript-2.12.jar:/Users/stu/.gradle/wrapper/dists/gradle-2.12-all/8ywkdai6puj5z81fume4e7njw/gradle-2.12/lib/plugins/rhino-1.7R3.jar:/Users/stu/.gradle/wrapper/dists/gradle-2.12-all/8ywkdai6puj5z81fume4e7njw/gradle-2.12/lib/plugins/simple-4.1.21.jar:/Users/stu/.gradle/wrapper/dists/gradle-2.12-all/8ywkdai6puj5z81fume4e7njw/gradle-2.12/lib/plugins/gradle-build-comparison-2.12.jar:/Users/stu/.gradle/wrapper/dists/gradle-2.12-all/8ywkdai6puj5z81fume4e7njw/gradle-2.12/lib/plugins/gradle-diagnostics-2.12.jar:/Users/stu/.gradle/wrapper/dists/gradle-2.12-all/8ywkdai6puj5z81fume4e7njw/gradle-2.12/lib/plugins/gradle-reporting-2.12.jar:/Users/stu/.gradle/wrapper/dists/gradle-2.12-all/8ywkdai6puj5z81fume4e7njw/gradle-2.12/lib/plugins/jatl-0.2.2.jar:/Users/stu/.gradle/wrapper/dists/gradle-2.12-all/8ywkdai6puj5z81fume4e7njw/gradle-2.12/lib/plugins/gradle-publish-2.12.jar:/Users/stu/.gradle/wrapper/dists/gradle-2.12-all/8ywkdai6puj5z81fume4e7njw/gradle-2.12/lib/plugins/gradle-ivy-2.12.jar:/Users/stu/.gradle/wrapper/dists/gradle-2.12-all/8ywkdai6puj5z81fume4e7njw/gradle-2.12/lib/plugins/gradle-jacoco-2.12.jar:/Users/stu/.gradle/wrapper/dists/gradle-2.12-all/8ywkdai6puj5z81fume4e7njw/gradle-2.12/lib/plugins/gradle-build-init-2.12.jar:/Users/stu/.gradle/wrapper/dists/gradle-2.12-all/8ywkdai6puj5z81fume4e7njw/gradle-2.12/lib/plugins/gradle-platform-base-2.12.jar:/Users/stu/.gradle/wrapper/dists/gradle-2.12-all/8ywkdai6puj5z81fume4e7njw/gradle-2.12/lib/plugins/gradle-platform-jvm-2.12.jar:/Users/stu/.gradle/wrapper/dists/gradle-2.12-all/8ywkdai6puj5z81fume4e7njw/gradle-2.12/lib/plugins/gradle-language-jvm-2.12.jar:/Users/stu/.gradle/wrapper/dists/gradle-2.12-all/8ywkdai6puj5z81fume4e7njw/gradle-2.12/lib/plugins/gradle-language-java-2.12.jar:/Users/stu/.gradle/wrapper/dists/gradle-2.12-all/8ywkdai6puj5z81fume4e7njw/gradle-2.12/lib/plugins/gradle-language-groovy-2.12.jar:/Users/stu/.gradle/wrapper/dists/gradle-2.12-all/8ywkdai6puj5z81fume4e7njw/gradle-2.12/lib/plugins/gradle-language-scala-2.12.jar:/Users/stu/.gradle/wrapper/dists/gradle-2.12-all/8ywkdai6puj5z81fume4e7njw/gradle-2.12/lib/plugins/gradle-platform-native-2.12.jar:/Users/stu/.gradle/wrapper/dists/gradle-2.12-all/8ywkdai6puj5z81fume4e7njw/gradle-2.12/lib/plugins/gradle-platform-play-2.12.jar:/Users/stu/.gradle/wrapper/dists/gradle-2.12-all/8ywkdai6puj5z81fume4e7njw/gradle-2.12/lib/plugins/gradle-language-native-2.12.jar:/Users/stu/.gradle/wrapper/dists/gradle-2.12-all/8ywkdai6puj5z81fume4e7njw/gradle-2.12/lib/plugins/gradle-ide-native-2.12.jar:/Users/stu/.gradle/wrapper/dists/gradle-2.12-all/8ywkdai6puj5z81fume4e7njw/gradle-2.12/lib/plugins/gradle-testing-base-2.12.jar:/Users/stu/.gradle/wrapper/dists/gradle-2.12-all/8ywkdai6puj5z81fume4e7njw/gradle-2.12/lib/plugins/gradle-testing-native-2.12.jar:/Users/stu/.gradle/wrapper/dists/gradle-2.12-all/8ywkdai6puj5z81fume4e7njw/gradle-2.12/lib/plugins/gradle-testing-jvm-2.12.jar:/Users/stu/.gradle/wrapper/dists/gradle-2.12-all/8ywkdai6puj5z81fume4e7njw/gradle-2.12/lib/plugins/junit-4.12.jar:/Users/stu/.gradle/wrapper/dists/gradle-2.12-all/8ywkdai6puj5z81fume4e7njw/gradle-2.12/lib/plugins/testng-6.3.1.jar:/Users/stu/.gradle/wrapper/dists/gradle-2.12-all/8ywkdai6puj5z81fume4e7njw/gradle-2.12/lib/plugins/bsh-2.0b4.jar:/Users/stu/.gradle/wrapper/dists/gradle-2.12-all/8ywkdai6puj5z81fume4e7njw/gradle-2.12/lib/plugins/jcommander-1.12.jar:/Users/stu/.gradle/wrapper/dists/gradle-2.12-all/8ywkdai6puj5z81fume4e7njw/gradle-2.12/lib/plugins/snakeyaml-1.6.jar:/Users/stu/.gradle/wrapper/dists/gradle-2.12-all/8ywkdai6puj5z81fume4e7njw/gradle-2.12/lib/plugins/hamcrest-core-1.3.jar:/Users/stu/.gradle/wrapper/dists/gradle-2.12-all/8ywkdai6puj5z81fume4e7njw/gradle-2.12/lib/plugins/gradle-plugin-development-2.12.jar:/Users/stu/.gradle/wrapper/dists/gradle-2.12-all/8ywkdai6puj5z81fume4e7njw/gradle-2.12/lib/plugins/gradle-resources-sftp-2.12.jar:/Users/stu/.gradle/wrapper/dists/gradle-2.12-all/8ywkdai6puj5z81fume4e7njw/gradle-2.12/lib/plugins/gradle-resources-s3-2.12.jar:/Users/stu/.gradle/wrapper/dists/gradle-2.12-all/8ywkdai6puj5z81fume4e7njw/gradle-2.12/lib/plugins/aws-java-sdk-s3-1.9.19.jar:/Users/stu/.gradle/wrapper/dists/gradle-2.12-all/8ywkdai6puj5z81fume4e7njw/gradle-2.12/lib/plugins/aws-java-sdk-kms-1.9.19.jar:/Users/stu/.gradle/wrapper/dists/gradle-2.12-all/8ywkdai6puj5z81fume4e7njw/gradle-2.12/lib/plugins/aws-java-sdk-core-1.9.19.jar:/Users/stu/.gradle/wrapper/dists/gradle-2.12-all/8ywkdai6puj5z81fume4e7njw/gradle-2.12/lib/plugins/jackson-core-2.3.2.jar:/Users/stu/.gradle/wrapper/dists/gradle-2.12-all/8ywkdai6puj5z81fume4e7njw/gradle-2.12/lib/plugins/jackson-annotations-2.3.2.jar:/Users/stu/.gradle/wrapper/dists/gradle-2.12-all/8ywkdai6puj5z81fume4e7njw/gradle-2.12/lib/plugins/jackson-databind-2.3.2.jar:/Users/stu/.gradle/wrapper/dists/gradle-2.12-all/8ywkdai6puj5z81fume4e7njw/gradle-2.12/lib/plugins/joda-time-2.8.2.jar:/Users/stu/.gradle/wrapper/dists/gradle-2.12-all/8ywkdai6puj5z81fume4e7njw/gradle-2.12/lib/plugins/gradle-tooling-api-builders-2.12.jar:/Users/stu/.gradle/caches/modules-2/files-2.1/org.scala-lang/scala-library/2.11.6/be3457b4b748df35bffba675d8cddf44e9df4f7b/scala-library-2.11.6.jar:/Users/stu/.gradle/caches/modules-2/files-2.1/com.typesafe.akka/akka-stream-experimental_2.11/1.0/d0f1d04d9e2bf10f3d5102fdc325cbae1bad6aad/akka-stream-experimental_2.11-1.0.jar:/Users/stu/.gradle/caches/modules-2/files-2.1/io.reactivex/rxjava/1.0.12/277d8a8184f92951355d8ddbcac855bf8f12bc5e/rxjava-1.0.12.jar:/Users/stu/.gradle/caches/modules-2/files-2.1/org.scalafx/scalafx_2.11/8.0.40-R8/1489d232d75f29258c3ae0e6fc740347d898b392/scalafx_2.11-8.0.40-R8.jar:/Users/stu/.gradle/caches/modules-2/files-2.1/io.kamon/kamon-core_2.11/0.4.0/c1ccd34c221b1f2608d1530881a4575c16aeaa6/kamon-core_2.11-0.4.0.jar:/Users/stu/.gradle/caches/modules-2/files-2.1/io.kamon/kamon-akka_2.11/0.4.0/d055f102e4de30738d158dc818ebd0671e7f9958/kamon-akka_2.11-0.4.0.jar:/Users/stu/.gradle/caches/modules-2/files-2.1/io.kamon/kamon-log-reporter_2.11/0.4.0/7fe4d3478d024e260b17b1c23c9ee5b216675ad2/kamon-log-reporter_2.11-0.4.0.jar:/Users/stu/.gradle/caches/modules-2/files-2.1/net.databinder/unfiltered-netty-server_2.11/0.8.4/d98cf8bfe31423cc4ae9d73e3aab0432b6199e80/unfiltered-netty-server_2.11-0.8.4.jar:/Users/stu/.gradle/caches/modules-2/files-2.1/org.aspectj/aspectjrt/1.8.6/a7db7ea5f7bb18a1cbd9f24edd0e666504800be/aspectjrt-1.8.6.jar:/Users/stu/.gradle/caches/modules-2/files-2.1/org.scalatest/scalatest_2.11/2.2.5/22b9432f9300137ee9b6e12d3a3a1f97f5e8db57/scalatest_2.11-2.2.5.jar:/Users/stu/.gradle/caches/modules-2/files-2.1/org.pegdown/pegdown/1.6.0/231ae49d913467deb2027d0b8a0b68b231deef4f/pegdown-1.6.0.jar:/Users/stu/.gradle/caches/modules-2/files-2.1/com.typesafe.akka/akka-actor_2.11/2.3.12/386d340fd37d45222b0c5a0818011eff2f58e365/akka-actor_2.11-2.3.12.jar:/Users/stu/.gradle/caches/modules-2/files-2.1/org.reactivestreams/reactive-streams/1.0.0/14b8c877d98005ba3941c9257cfe09f6ed0e0d74/reactive-streams-1.0.0.jar:/Users/stu/.gradle/caches/modules-2/files-2.1/org.scala-lang/scala-reflect/2.11.6/f539c9c9cf312472b3a7771ac85ecda859657a1d/scala-reflect-2.11.6.jar:/Users/stu/.gradle/caches/modules-2/files-2.1/org.hdrhistogram/HdrHistogram/2.1.4/2b0da22320f0ac0bbedc7b9df7881d9853d8a754/HdrHistogram-2.1.4.jar:/Users/stu/.gradle/caches/modules-2/files-2.1/io.kamon/kamon-scala_2.11/0.4.0/3635a0e25751b33afcfecb37107bf838f011d49/kamon-scala_2.11-0.4.0.jar:/Users/stu/.gradle/caches/modules-2/files-2.1/net.databinder/unfiltered-netty_2.11/0.8.4/cdab5d1b8fc370daadd04f838937965c7cfb45dd/unfiltered-netty_2.11-0.8.4.jar:/Users/stu/.gradle/caches/modules-2/files-2.1/net.databinder/unfiltered-util_2.11/0.8.4/5417620f35959b7e26708729fa7be625bdfe62da/unfiltered-util_2.11-0.8.4.jar:/Users/stu/.gradle/caches/modules-2/files-2.1/org.scala-lang.modules/scala-xml_2.11/1.0.2/820fbca7e524b530fdadc594c39d49a21ea0337e/scala-xml_2.11-1.0.2.jar:/Users/stu/.gradle/caches/modules-2/files-2.1/org.parboiled/parboiled-java/1.1.7/2298c64ce8ee8e2fb37e97e16d7be52f0c7cf61f/parboiled-java-1.1.7.jar:/Users/stu/.gradle/caches/modules-2/files-2.1/net.databinder/unfiltered_2.11/0.8.4/d85a6b4c4499eb75727adb047f8e36bd364145d5/unfiltered_2.11-0.8.4.jar:/Users/stu/.gradle/caches/modules-2/files-2.1/io.netty/netty-codec-http/4.0.24.Final/aa59de3ada353518026f869bb89b71064f65911e/netty-codec-http-4.0.24.Final.jar:/Users/stu/.gradle/caches/modules-2/files-2.1/org.parboiled/parboiled-core/1.1.7/a60ff9a54cbeb30ec44c89e16ac4c35913cbad5a/parboiled-core-1.1.7.jar:/Users/stu/.gradle/caches/modules-2/files-2.1/org.ow2.asm/asm/5.0.3/dcc2193db20e19e1feca8b1240dbbc4e190824fa/asm-5.0.3.jar:/Users/stu/.gradle/caches/modules-2/files-2.1/org.ow2.asm/asm-tree/5.0.3/287749b48ba7162fb67c93a026d690b29f410bed/asm-tree-5.0.3.jar:/Users/stu/.gradle/caches/modules-2/files-2.1/org.ow2.asm/asm-analysis/5.0.3/c7126aded0e8e13fed5f913559a0dd7b770a10f3/asm-analysis-5.0.3.jar:/Users/stu/.gradle/caches/modules-2/files-2.1/org.ow2.asm/asm-util/5.0.3/1512e5571325854b05fb1efce1db75fcced54389/asm-util-5.0.3.jar:/Users/stu/.gradle/caches/modules-2/files-2.1/commons-codec/commons-codec/1.4/4216af16d38465bbab0f3dff8efa14204f7a399a/commons-codec-1.4.jar:/Users/stu/.gradle/caches/modules-2/files-2.1/io.netty/netty-codec/4.0.24.Final/862a801978d25197ae44292337aabf26c6703b9e/netty-codec-4.0.24.Final.jar:/Users/stu/.gradle/caches/modules-2/files-2.1/io.netty/netty-handler/4.0.24.Final/a5d1c44bbfab44cb45987ebf31904c32250e2e80/netty-handler-4.0.24.Final.jar:/Users/stu/.gradle/caches/modules-2/files-2.1/io.netty/netty-transport/4.0.24.Final/95689eb79181ecd96592b0217fe4af0aca143d5/netty-transport-4.0.24.Final.jar:/Users/stu/.gradle/caches/modules-2/files-2.1/io.netty/netty-buffer/4.0.24.Final/86b0544a2ad9c647894dd460abcd8806da08f5d4/netty-buffer-4.0.24.Final.jar:/Users/stu/.gradle/caches/modules-2/files-2.1/io.netty/netty-common/4.0.24.Final/60c06ba48277374ac1e75ad8edabd40d0d91586c/netty-common-4.0.24.Final.jar:/Users/stu/.gradle/caches/modules-2/files-2.1/com.typesafe/config/1.2.1/f771f71fdae3df231bcd54d5ca2d57f0bf93f467/config-1.2.1.jar:build/tmp/expandedArchives/org.jacoco.agent-0.7.1.201405082137.jar_8t1gejhzxr5b7h14j3wsafkqr/jacocoagent.jar">
</property>
    <property name="java.vm.specification.version" value="1.8"> </property>
    <property name="sun.arch.data.model" value="64"> </property>
    <property 
    name="java.home" value="/Library/Java/JavaVirtualMachines/jdk1.8.0_45.jdk/Contents/Home/jre">
</property>
    <property 
    name="sun.java.command" value="org.scalatest.tools.Runner -oD -PS4 -R /Users/stu/Documents/Source/bob/build/classes/test -u /Users/stu/Documents/Source/bob/build/test-results -h /Users/stu/Documents/Source/bob/build/reports/mySuite -s hello.MySpec">
</property>
    <property name="java.specification.vendor" value="Oracle Corporation">
    </property>
    <property name="user.language" value="en"> </property>
    <property name="awt.toolkit" value="sun.lwawt.macosx.LWCToolkit">
    </property>
    <property name="java.vm.info" value="mixed mode"> </property>
    <property name="java.version" value="1.8.0_45"> </property>
    <property 
    name="java.ext.dirs" value="/Users/stu/Library/Java/Extensions:/Library/Java/JavaVirtualMachines/jdk1.8.0_45.jdk/Contents/Home/jre/lib/ext:/Library/Java/Extensions:/Network/Library/Java/Extensions:/System/Library/Java/Extensions:/usr/lib/java">
</property>
    <property 
    name="sun.boot.class.path" value="/Library/Java/JavaVirtualMachines/jdk1.8.0_45.jdk/Contents/Home/jre/lib/resources.jar:/Library/Java/JavaVirtualMachines/jdk1.8.0_45.jdk/Contents/Home/jre/lib/rt.jar:/Library/Java/JavaVirtualMachines/jdk1.8.0_45.jdk/Contents/Home/jre/lib/sunrsasign.jar:/Library/Java/JavaVirtualMachines/jdk1.8.0_45.jdk/Contents/Home/jre/lib/jsse.jar:/Library/Java/JavaVirtualMachines/jdk1.8.0_45.jdk/Contents/Home/jre/lib/jce.jar:/Library/Java/JavaVirtualMachines/jdk1.8.0_45.jdk/Contents/Home/jre/lib/charsets.jar:/Library/Java/JavaVirtualMachines/jdk1.8.0_45.jdk/Contents/Home/jre/lib/jfr.jar:/Library/Java/JavaVirtualMachines/jdk1.8.0_45.jdk/Contents/Home/jre/classes">
</property>
    <property name="java.vendor" value="Oracle Corporation"> </property>
    <property name="file.separator" value="/"> </property>
    <property 
    name="java.vendor.url.bug" value="http://bugreport.sun.com/bugreport/">
</property>
    <property name="sun.cpu.endian" value="little"> </property>
    <property name="sun.io.unicode.encoding" value="UnicodeBig"> </property>
    <property 
    name="socksNonProxyHosts" value="local|*.local|169.254/16|*.169.254/16">
</property>
    <property 
    name="ftp.nonProxyHosts" value="local|*.local|169.254/16|*.169.254/16">
</property>
    <property name="sun.cpu.isalist" value=""> </property>
  </properties>
  <testcase name="bob" classname="hello.MySpec" time="0.05">
    <failure 
    message="hje" type="class org.scalatest.exceptions.TestFailedException">
      org.scalatest.exceptions.TestFailedException: hje
      at org.scalatest.Assertions$class.newAssertionFailedException(Assertions.scala:495)
      at org.scalatest.FunSuite.newAssertionFailedException(FunSuite.scala:1555)
      at org.scalatest.Assertions$class.fail(Assertions.scala:1328)
      at org.scalatest.FunSuite.fail(FunSuite.scala:1555)
      at hello.MySpec$$anonfun$3.apply(MySpec.scala:8)
      at hello.MySpec$$anonfun$3.apply(MySpec.scala:8)
      at org.scalatest.Transformer$$anonfun$apply$1.apply$mcV$sp(Transformer.scala:22)
      at org.scalatest.OutcomeOf$class.outcomeOf(OutcomeOf.scala:85)
      at org.scalatest.OutcomeOf$.outcomeOf(OutcomeOf.scala:104)
      at org.scalatest.Transformer.apply(Transformer.scala:22)
      at org.scalatest.Transformer.apply(Transformer.scala:20)
      at org.scalatest.FunSuiteLike$$anon$1.apply(FunSuiteLike.scala:166)
      at org.scalatest.Suite$class.withFixture(Suite.scala:1122)
      at org.scalatest.FunSuite.withFixture(FunSuite.scala:1555)
      at org.scalatest.FunSuiteLike$class.invokeWithFixture$1(FunSuiteLike.scala:163)
      at org.scalatest.FunSuiteLike$$anonfun$runTest$1.apply(FunSuiteLike.scala:175)
      at org.scalatest.FunSuiteLike$$anonfun$runTest$1.apply(FunSuiteLike.scala:175)
      at org.scalatest.SuperEngine.runTestImpl(Engine.scala:306)
      at org.scalatest.FunSuiteLike$class.runTest(FunSuiteLike.scala:175)
      at org.scalatest.FunSuite.runTest(FunSuite.scala:1555)
      at org.scalatest.FunSuiteLike$$anonfun$runTests$1.apply(FunSuiteLike.scala:208)
      at org.scalatest.FunSuiteLike$$anonfun$runTests$1.apply(FunSuiteLike.scala:208)
      at org.scalatest.SuperEngine$$anonfun$traverseSubNodes$1$1.apply(Engine.scala:413)
      at org.scalatest.SuperEngine$$anonfun$traverseSubNodes$1$1.apply(Engine.scala:401)
      at scala.collection.immutable.List.foreach(List.scala:381)
      at org.scalatest.SuperEngine.traverseSubNodes$1(Engine.scala:401)
      at org.scalatest.SuperEngine.org$scalatest$SuperEngine$$runTestsInBranch(Engine.scala:396)
      at org.scalatest.SuperEngine.runTestsImpl(Engine.scala:483)
      at org.scalatest.FunSuiteLike$class.runTests(FunSuiteLike.scala:208)
      at org.scalatest.FunSuite.runTests(FunSuite.scala:1555)
      at org.scalatest.Suite$class.run(Suite.scala:1424)
      at org.scalatest.FunSuite.org$scalatest$FunSuiteLike$$super$run(FunSuite.scala:1555)
      at org.scalatest.FunSuiteLike$$anonfun$run$1.apply(FunSuiteLike.scala:212)
      at org.scalatest.FunSuiteLike$$anonfun$run$1.apply(FunSuiteLike.scala:212)
      at org.scalatest.SuperEngine.runImpl(Engine.scala:545)
      at org.scalatest.FunSuiteLike$class.run(FunSuiteLike.scala:212)
      at org.scalatest.FunSuite.run(FunSuite.scala:1555)
      at org.scalatest.tools.SuiteRunner.run(SuiteRunner.scala:55)
      at java.util.concurrent.Executors$RunnableAdapter.call(Executors.java:511)
      at java.util.concurrent.FutureTask.run(FutureTask.java:266)
      at java.util.concurrent.ThreadPoolExecutor.runWorker(ThreadPoolExecutor.java:1142)
      at java.util.concurrent.ThreadPoolExecutor$Worker.run(ThreadPoolExecutor.java:617)
      at java.lang.Thread.run(Thread.java:745)
</failure>
  </testcase>
  <testcase name="rita" classname="hello.MySpec" time="0.0">
    <skipped/>
  </testcase>
  <testcase name="sue" classname="hello.MySpec" time="0.008"> </testcase>
  <system-out><![CDATA[]]></system-out>
  <system-err><![CDATA[]]></system-err>
</testsuite>
